{"level":"info","message":"Added new worker. Total workers: 1","timestamp":"2024-06-21T09:02:45.121Z"}
{"level":"info","message":"Added new worker. Total workers: 2","timestamp":"2024-06-21T09:02:45.125Z"}
{"level":"info","message":"Added new worker. Total workers: 3","timestamp":"2024-06-21T09:02:45.126Z"}
{"level":"info","message":"Added new worker. Total workers: 4","timestamp":"2024-06-21T09:02:45.127Z"}
{"level":"info","message":"Added new worker. Total workers: 5","timestamp":"2024-06-21T09:02:45.128Z"}
{"level":"info","message":"Added new worker. Total workers: 6","timestamp":"2024-06-21T09:02:45.128Z"}
{"level":"info","message":"Added new worker. Total workers: 7","timestamp":"2024-06-21T09:02:45.129Z"}
{"level":"info","message":"Added new worker. Total workers: 8","timestamp":"2024-06-21T09:02:45.130Z"}
{"level":"info","message":"Added new worker. Total workers: 9","timestamp":"2024-06-21T09:02:45.131Z"}
{"level":"info","message":"Added new worker. Total workers: 10","timestamp":"2024-06-21T09:02:45.132Z"}
{"level":"info","message":"Added new worker. Total workers: 11","timestamp":"2024-06-21T09:02:45.132Z"}
{"level":"info","message":"Added new worker. Total workers: 12","timestamp":"2024-06-21T09:02:45.134Z"}
{"level":"info","message":"Added new worker. Total workers: 13","timestamp":"2024-06-21T09:02:45.138Z"}
{"level":"info","message":"Added new worker. Total workers: 14","timestamp":"2024-06-21T09:02:45.139Z"}
{"level":"info","message":"Added new worker. Total workers: 15","timestamp":"2024-06-21T09:02:45.140Z"}
{"level":"info","message":"Added new worker. Total workers: 16","timestamp":"2024-06-21T09:02:45.141Z"}
{"level":"info","message":"Added new worker. Total workers: 17","timestamp":"2024-06-21T09:02:45.142Z"}
{"level":"info","message":"Added new worker. Total workers: 18","timestamp":"2024-06-21T09:02:45.143Z"}
{"level":"info","message":"Added new worker. Total workers: 19","timestamp":"2024-06-21T09:02:45.144Z"}
{"level":"info","message":"Added new worker. Total workers: 20","timestamp":"2024-06-21T09:02:45.145Z"}
{"level":"info","message":"Added new worker. Total workers: 21","timestamp":"2024-06-21T09:02:45.146Z"}
{"level":"info","message":"Added new worker. Total workers: 22","timestamp":"2024-06-21T09:02:45.147Z"}
{"level":"info","message":"Added new worker. Total workers: 23","timestamp":"2024-06-21T09:02:45.149Z"}
{"level":"info","message":"Added new worker. Total workers: 24","timestamp":"2024-06-21T09:02:45.149Z"}
{"level":"info","message":"Added new worker. Total workers: 25","timestamp":"2024-06-21T09:02:45.150Z"}
{"level":"info","message":"Added new worker. Total workers: 26","timestamp":"2024-06-21T09:02:45.151Z"}
{"level":"info","message":"Added new worker. Total workers: 27","timestamp":"2024-06-21T09:02:45.153Z"}
{"level":"info","message":"Added new worker. Total workers: 28","timestamp":"2024-06-21T09:02:45.154Z"}
{"level":"info","message":"Added new worker. Total workers: 29","timestamp":"2024-06-21T09:02:45.156Z"}
{"level":"info","message":"Added new worker. Total workers: 30","timestamp":"2024-06-21T09:02:45.158Z"}
{"level":"info","message":"Added new worker. Total workers: 31","timestamp":"2024-06-21T09:02:45.159Z"}
{"level":"info","message":"Added new worker. Total workers: 32","timestamp":"2024-06-21T09:02:45.160Z"}
{"level":"info","message":"Starting pipeline: MathPipeline","timestamp":"2024-06-21T09:02:45.162Z"}
{"level":"info","message":"Pipeline MathPipeline: Starting stage 1","timestamp":"2024-06-21T09:02:45.163Z"}
{"level":"info","message":"Pipeline MathPipeline: Completed stage 1 in 6ms","timestamp":"2024-06-21T09:02:45.169Z"}
{"level":"info","message":"Pipeline MathPipeline: Starting stage 2","timestamp":"2024-06-21T09:02:45.170Z"}
{"level":"info","message":"Pipeline MathPipeline: Completed stage 2 in 0ms","timestamp":"2024-06-21T09:02:45.170Z"}
{"level":"info","message":"Pipeline MathPipeline: Starting stage 3","timestamp":"2024-06-21T09:02:45.170Z"}
{"level":"info","message":"Pipeline MathPipeline: Completed stage 3 in 1ms","timestamp":"2024-06-21T09:02:45.171Z"}
{"level":"info","message":"Completed pipeline: MathPipeline in 9ms","timestamp":"2024-06-21T09:02:45.171Z"}
{"level":"info","message":"Pipeline result:","timestamp":"2024-06-21T09:02:45.171Z"}
{"level":"info","message":"Worker 0 started","timestamp":"2024-06-21T09:02:45.452Z"}
{"level":"info","message":"Worker 2 started","timestamp":"2024-06-21T09:02:45.455Z"}
{"level":"info","message":"Worker 1 started","timestamp":"2024-06-21T09:02:45.456Z"}
{"level":"info","message":"Worker 3 started","timestamp":"2024-06-21T09:02:45.460Z"}
{"level":"info","message":"Worker 4 started","timestamp":"2024-06-21T09:02:45.474Z"}
{"level":"info","message":"Worker 11 started","timestamp":"2024-06-21T09:02:45.491Z"}
{"level":"info","message":"Worker 6 started","timestamp":"2024-06-21T09:02:45.496Z"}
{"level":"info","message":"Worker 5 started","timestamp":"2024-06-21T09:02:45.500Z"}
{"level":"info","message":"Worker 10 started","timestamp":"2024-06-21T09:02:45.504Z"}
{"level":"info","message":"Worker 9 started","timestamp":"2024-06-21T09:02:45.506Z"}
{"level":"info","message":"Worker 8 started","timestamp":"2024-06-21T09:02:45.510Z"}
{"level":"info","message":"Worker 13 started","timestamp":"2024-06-21T09:02:45.511Z"}
{"level":"info","message":"Worker 16 started","timestamp":"2024-06-21T09:02:45.512Z"}
{"level":"info","message":"Worker 7 started","timestamp":"2024-06-21T09:02:45.513Z"}
{"level":"info","message":"Worker 19 started","timestamp":"2024-06-21T09:02:45.514Z"}
{"level":"info","message":"Worker 14 started","timestamp":"2024-06-21T09:02:45.517Z"}
{"level":"info","message":"Worker 17 started","timestamp":"2024-06-21T09:02:45.517Z"}
{"level":"info","message":"Worker 24 started","timestamp":"2024-06-21T09:02:45.518Z"}
{"level":"info","message":"Worker 12 started","timestamp":"2024-06-21T09:02:45.518Z"}
{"level":"info","message":"Worker 20 started","timestamp":"2024-06-21T09:02:45.520Z"}
{"level":"info","message":"Worker 28 started","timestamp":"2024-06-21T09:02:45.521Z"}
{"level":"info","message":"Worker 15 started","timestamp":"2024-06-21T09:02:45.521Z"}
{"level":"info","message":"Worker 21 started","timestamp":"2024-06-21T09:02:45.522Z"}
{"level":"info","message":"Worker 30 started","timestamp":"2024-06-21T09:02:45.522Z"}
{"level":"info","message":"Worker 23 started","timestamp":"2024-06-21T09:02:45.523Z"}
{"level":"info","message":"Worker 26 started","timestamp":"2024-06-21T09:02:45.525Z"}
{"level":"info","message":"Worker 18 started","timestamp":"2024-06-21T09:02:45.523Z"}
{"level":"info","message":"Worker 29 started","timestamp":"2024-06-21T09:02:45.526Z"}
{"level":"info","message":"Worker 22 started","timestamp":"2024-06-21T09:02:45.525Z"}
{"level":"info","message":"Worker 25 started","timestamp":"2024-06-21T09:02:45.527Z"}
{"level":"info","message":"Worker 31 started","timestamp":"2024-06-21T09:02:45.526Z"}
{"level":"info","message":"Worker 27 started","timestamp":"2024-06-21T09:02:45.528Z"}
{"level":"info","message":"Added new worker. Total workers: 1","timestamp":"2024-06-21T09:14:17.047Z"}
{"level":"info","message":"Added new worker. Total workers: 2","timestamp":"2024-06-21T09:14:17.051Z"}
{"level":"info","message":"Starting pipeline: MathPipeline","timestamp":"2024-06-21T09:14:17.056Z"}
{"level":"info","message":"Pipeline MathPipeline: Starting stage 1","timestamp":"2024-06-21T09:14:17.056Z"}
{"level":"info","message":"Server is running on port 3000","timestamp":"2024-06-21T09:14:17.062Z"}
{"level":"info","message":"Pipeline MathPipeline: Completed stage 1 in 6ms","timestamp":"2024-06-21T09:14:17.062Z"}
{"level":"info","message":"Pipeline MathPipeline: Starting stage 2","timestamp":"2024-06-21T09:14:17.063Z"}
{"level":"info","message":"Pipeline MathPipeline: Completed stage 2 in 0ms","timestamp":"2024-06-21T09:14:17.063Z"}
{"level":"info","message":"Pipeline MathPipeline: Starting stage 3","timestamp":"2024-06-21T09:14:17.063Z"}
{"level":"info","message":"Pipeline MathPipeline: Completed stage 3 in 0ms","timestamp":"2024-06-21T09:14:17.064Z"}
{"level":"info","message":"Completed pipeline: MathPipeline in 9ms","timestamp":"2024-06-21T09:14:17.065Z"}
{"level":"info","message":"Pipeline result:","timestamp":"2024-06-21T09:14:17.065Z"}
{"level":"info","message":"Worker 1 started","timestamp":"2024-06-21T09:14:17.249Z"}
{"level":"info","message":"Worker 0 started","timestamp":"2024-06-21T09:14:17.250Z"}
{"level":"info","message":"New WebSocket connection","timestamp":"2024-06-21T09:15:04.423Z"}
